{
  "RSpec": {
    "coverage": {
      "/Users/ashleyturner/turing/5mod/projects/viewing_party_lite_7/app/helpers/application_helper.rb": {
        "lines": [
          1,
          null
        ]
      },
      "/Users/ashleyturner/turing/5mod/projects/viewing_party_lite_7/app/models/user.rb": {
        "lines": [
          1,
          1,
          1,
          null,
          1,
          1,
          1,
          1,
          null,
          1,
          null
        ]
      },
      "/Users/ashleyturner/turing/5mod/projects/viewing_party_lite_7/app/models/application_record.rb": {
        "lines": [
          1,
          1,
          null
        ]
      },
      "/Users/ashleyturner/turing/5mod/projects/viewing_party_lite_7/app/controllers/welcome_controller.rb": {
        "lines": [
          1,
          1,
          3,
          null,
          null
        ]
      },
      "/Users/ashleyturner/turing/5mod/projects/viewing_party_lite_7/app/controllers/application_controller.rb": {
        "lines": [
          1,
          1,
          1,
          5,
          null,
          null
        ]
      },
      "/Users/ashleyturner/turing/5mod/projects/viewing_party_lite_7/app/controllers/users_controller.rb": {
        "lines": [
          1,
          1,
          null,
          null,
          null,
          1,
          2,
          null,
          2,
          1,
          1,
          null,
          1,
          1,
          null,
          null,
          null,
          null,
          1,
          1,
          1,
          1,
          null,
          0,
          null,
          null,
          null
        ]
      },
      "/Users/ashleyturner/turing/5mod/projects/viewing_party_lite_7/app/channels/application_cable/channel.rb": {
        "lines": [
          0,
          0,
          0,
          0
        ],
        "branches": {
        }
      },
      "/Users/ashleyturner/turing/5mod/projects/viewing_party_lite_7/app/channels/application_cable/connection.rb": {
        "lines": [
          0,
          0,
          0,
          0
        ],
        "branches": {
        }
      },
      "/Users/ashleyturner/turing/5mod/projects/viewing_party_lite_7/app/jobs/application_job.rb": {
        "lines": [
          0,
          null,
          null,
          null,
          null,
          null,
          0
        ],
        "branches": {
        }
      },
      "/Users/ashleyturner/turing/5mod/projects/viewing_party_lite_7/app/mailers/application_mailer.rb": {
        "lines": [
          0,
          0,
          0,
          0
        ],
        "branches": {
        }
      },
      "/Users/ashleyturner/turing/5mod/projects/viewing_party_lite_7/app/models/user_viewing_party.rb": {
        "lines": [
          0,
          0,
          0,
          null,
          0,
          0,
          0
        ],
        "branches": {
        }
      },
      "/Users/ashleyturner/turing/5mod/projects/viewing_party_lite_7/app/models/viewing_party.rb": {
        "lines": [
          0,
          0,
          0,
          null,
          0,
          0,
          0,
          0,
          0
        ],
        "branches": {
        }
      },
      "/Users/ashleyturner/turing/5mod/projects/viewing_party_lite_7/app/services/movie_service.rb": {
        "lines": [
          0,
          0,
          0,
          0,
          0,
          0,
          null,
          0,
          0,
          0,
          0,
          0,
          0,
          null,
          0,
          0,
          0
        ],
        "branches": {
        }
      }
    },
    "timestamp": 1709351385
  }
}
